<?xml version="1.0" encoding="UTF-8"?>
<testng-results ignored="0" total="1" passed="1" failed="0" skipped="0">
  <reporter-output>
    <line>
      <![CDATA[<img src="file:///Users/andrey/IdeaProjects/ZohoCRMTests/./src/main/resources/screenshots/1.png" alt=""/>]]>
    </line>
    <line>
      <![CDATA[<img src="file:///Users/andrey/IdeaProjects/ZohoCRMTests/./src/main/resources/screenshots/2.png" alt=""/>]]>
    </line>
    <line>
      <![CDATA[<img src="file:///Users/andrey/IdeaProjects/ZohoCRMTests/./src/main/resources/screenshots/3.png" alt=""/>]]>
    </line>
    <line>
      <![CDATA[<img src="file:///Users/andrey/IdeaProjects/ZohoCRMTests/./src/main/resources/screenshots/4.png" alt=""/>]]>
    </line>
    <line>
      <![CDATA[<img src="file:///Users/andrey/IdeaProjects/ZohoCRMTests/./src/main/resources/screenshots/5.png" alt=""/>]]>
    </line>
    <line>
      <![CDATA[<img src="file:///Users/andrey/IdeaProjects/ZohoCRMTests/./src/main/resources/screenshots/6.png" alt=""/>]]>
    </line>
  </reporter-output>
  <suite started-at="2018-11-03T23:02:46Z" name="Default Suite" finished-at="2018-11-03T23:03:08Z" duration-ms="22714">
    <groups>
    </groups>
    <test started-at="2018-11-03T23:02:46Z" name="ZohoCRMTests" finished-at="2018-11-03T23:03:08Z" duration-ms="22714">
      <class name="MyClass">
        <test-method is-config="true" signature="setUp()[pri:0, instance:MyClass@59fd97a8]" started-at="2018-11-04T01:02:46Z" name="setUp" finished-at="2018-11-04T01:02:50Z" duration-ms="4003" status="PASS">
          <reporter-output>
          </reporter-output>
        </test-method> <!-- setUp -->
        <test-method signature="testSample()[pri:0, instance:MyClass@59fd97a8]" started-at="2018-11-04T01:02:50Z" name="testSample" finished-at="2018-11-04T01:03:08Z" duration-ms="18565" status="PASS">
          <reporter-output>
            <line>
              <![CDATA[<img src="file:///Users/andrey/IdeaProjects/ZohoCRMTests/./src/main/resources/screenshots/1.png" alt=""/>]]>
            </line>
            <line>
              <![CDATA[<img src="file:///Users/andrey/IdeaProjects/ZohoCRMTests/./src/main/resources/screenshots/2.png" alt=""/>]]>
            </line>
            <line>
              <![CDATA[<img src="file:///Users/andrey/IdeaProjects/ZohoCRMTests/./src/main/resources/screenshots/3.png" alt=""/>]]>
            </line>
            <line>
              <![CDATA[<img src="file:///Users/andrey/IdeaProjects/ZohoCRMTests/./src/main/resources/screenshots/4.png" alt=""/>]]>
            </line>
            <line>
              <![CDATA[<img src="file:///Users/andrey/IdeaProjects/ZohoCRMTests/./src/main/resources/screenshots/5.png" alt=""/>]]>
            </line>
            <line>
              <![CDATA[<img src="file:///Users/andrey/IdeaProjects/ZohoCRMTests/./src/main/resources/screenshots/6.png" alt=""/>]]>
            </line>
          </reporter-output>
        </test-method> <!-- testSample -->
        <test-method is-config="true" signature="tearDown()[pri:0, instance:MyClass@59fd97a8]" started-at="2018-11-04T01:03:08Z" name="tearDown" finished-at="2018-11-04T01:03:08Z" duration-ms="117" status="PASS">
          <reporter-output>
          </reporter-output>
        </test-method> <!-- tearDown -->
      </class> <!-- MyClass -->
    </test> <!-- ZohoCRMTests -->
  </suite> <!-- Default Suite -->
</testng-results>
